
/dev/rdisk1s2: fsck_hfs run at Mon Mar 25 18:37:52 2013
** /dev/rdisk1s2 (NO WRITE)
   Executing fsck_hfs (version diskdev_cmds-557~393).
** Checking non-journaled HFS Plus Volume.
   The volume name is Google Chrome
** Checking extents overflow file.
** Checking catalog file.
** Checking multi-linked files.
** Checking catalog hierarchy.
** Checking volume bitmap.
** Checking volume information.
** The volume Google Chrome appears to be OK.

/dev/rdisk1s2: fsck_hfs run at Mon Mar 25 19:02:01 2013
** /dev/rdisk1s2 (NO WRITE)
   Executing fsck_hfs (version diskdev_cmds-557~393).
** Checking non-journaled HFS Plus Volume.
   The volume name is Transmission
** Checking extents overflow file.
** Checking catalog file.
** Checking multi-linked files.
** Checking catalog hierarchy.
** Checking extended attributes file.
** Checking volume bitmap.
** Checking volume information.
** The volume Transmission appears to be OK.

/dev/rdisk1s2: fsck_hfs run at Mon Mar 25 19:39:01 2013
** /dev/rdisk1s2 (NO WRITE)
   Executing fsck_hfs (version diskdev_cmds-557~393).
** Checking Journaled HFS Plus volume.
   The volume name is Sublime Text 2
** Checking extents overflow file.
** Checking catalog file.
** Checking multi-linked files.
** Checking catalog hierarchy.
** Checking extended attributes file.
** Checking volume bitmap.
** Checking volume information.
** The volume Sublime Text 2 appears to be OK.

/dev/rdisk2s2: fsck_hfs run at Tue Mar 26 13:52:26 2013
** /dev/rdisk2s2 (NO WRITE)
   Executing fsck_hfs (version diskdev_cmds-557~393).
** Checking Journaled HFS Plus volume.
   The volume name is Git 1.8.2 Snow Leopard Intel Universal
** Checking extents overflow file.
** Checking catalog file.
** Checking multi-linked files.
** Checking catalog hierarchy.
** Checking extended attributes file.
** Checking volume bitmap.
** Checking volume information.
** The volume Git 1.8.2 Snow Leopard Intel Universal appears to be OK.

/dev/rdisk1s2: fsck_hfs run at Tue Mar 26 14:30:15 2013
** /dev/rdisk1s2 (NO WRITE)
   Executing fsck_hfs (version diskdev_cmds-557~393).
** Checking Journaled HFS Plus volume.
   The volume name is XQuartz-2.7.4
** Checking extents overflow file.
** Checking catalog file.
** Checking multi-linked files.
** Checking catalog hierarchy.
** Checking extended attributes file.
** Checking volume bitmap.
** Checking volume information.
** The volume XQuartz-2.7.4 appears to be OK.
