[2013-03-26 13:17:27] make
	CC = clang
	LD = ld
	LDSHARED = clang -dynamiclib
	CFLAGS = -O3 -fno-fast-math -ggdb3 -Wall -Wextra -Wno-unused-parameter -Wno-parentheses -Wno-long-long -Wno-missing-field-initializers -Wunused-variable -Werror=pointer-arith -Werror=write-strings -Werror=declaration-after-statement -Werror=shorten-64-to-32 -Werror=implicit-function-declaration   -fno-common -pipe 
	XCFLAGS = -include ruby/config.h -include ruby/missing.h -D_FORTIFY_SOURCE=2 -fstack-protector -fno-strict-overflow -fvisibility=hidden -DRUBY_EXPORT
	CPPFLAGS = -D_XOPEN_SOURCE -D_DARWIN_C_SOURCE -D_DARWIN_UNLIMITED_SELECT -D_REENTRANT -I/Users/meleeman/.rvm/opt/libyaml/include -I/Users/meleeman/.rvm/opt/readline/include -I/Users/meleeman/.rvm/opt/libxml2/include -I/Users/meleeman/.rvm/opt/libxslt/include -I/Users/meleeman/.rvm/opt/libksba/include -I/Users/meleeman/.rvm/opt/openssl/include -I/Users/meleeman/.rvm/opt/sqlite/include   -I. -I.ext/include/x86_64-darwin12.3.0 -I./include -I.
	DLDFLAGS = -Wl,-undefined,dynamic_lookup -Wl,-multiply_defined,suppress -L/Users/meleeman/.rvm/opt/libyaml/lib -L/Users/meleeman/.rvm/opt/readline/lib -L/Users/meleeman/.rvm/opt/libxml2/lib -L/Users/meleeman/.rvm/opt/libxslt/lib -L/Users/meleeman/.rvm/opt/libksba/lib -L/Users/meleeman/.rvm/opt/openssl/lib -L/Users/meleeman/.rvm/opt/sqlite/lib  -install_name /Users/meleeman/.rvm/rubies/ruby-2.0.0-p0/lib/libruby.2.0.0.dylib -current_version 2.0.0 -compatibility_version 2.0.0  -fstack-protector -Wl,-u,_objc_msgSend  -fstack-protector -Wl,-u,_objc_msgSend  
	SOLIBS = 
compiling main.c
compiling dmydln.c
compiling dmyencoding.c
compiling version.c
compiling miniprelude.c
translating probes probes.d
. ./vm_opts.h
compiling bignum.c
compiling class.c
compiling compar.c
compiling complex.c
compiling dir.c
compiling dln_find.c
compiling enum.c
compiling enumerator.c
compiling error.c
compiling eval.c
compiling load.c
compiling proc.c
compiling file.c
compiling gc.c
compiling hash.c
compiling inits.c
compiling io.c
compiling marshal.c
compiling math.c
compiling node.c
compiling numeric.c
compiling object.c
compiling pack.c
compiling parse.c
compiling process.c
compiling random.c
compiling range.c
compiling rational.c
compiling re.c
compiling regcomp.c
compiling regenc.c
compiling regerror.c
compiling regexec.c
compiling regparse.c
compiling regsyntax.c
compiling ruby.c
compiling safe.c
compiling signal.c
compiling sprintf.c
compiling st.c
compiling strftime.c
compiling string.c
compiling struct.c
compiling time.c
compiling transcode.c
compiling util.c
compiling variable.c
compiling compile.c
compiling debug.c
compiling iseq.c
compiling vm.c
compiling vm_dump.c
compiling vm_backtrace.c
compiling vm_trace.c
compiling thread.c
thread.c:3291:34: warning: variable 'orig_read' is uninitialized when used within its own initialization [-Wuninitialized]
    rb_fdset_t UNINITIALIZED_VAR(orig_read);
                                 ^~~~~~~~~
./vm_core.h:119:34: note: expanded from macro 'UNINITIALIZED_VAR'
#define UNINITIALIZED_VAR(x) x = x
                                 ^
thread.c:3292:34: warning: variable 'orig_write' is uninitialized when used within its own initialization [-Wuninitialized]
    rb_fdset_t UNINITIALIZED_VAR(orig_write);
                                 ^~~~~~~~~~
./vm_core.h:119:34: note: expanded from macro 'UNINITIALIZED_VAR'
#define UNINITIALIZED_VAR(x) x = x
                                 ^
thread.c:3293:34: warning: variable 'orig_except' is uninitialized when used within its own initialization [-Wuninitialized]
    rb_fdset_t UNINITIALIZED_VAR(orig_except);
                                 ^~~~~~~~~~~
./vm_core.h:119:34: note: expanded from macro 'UNINITIALIZED_VAR'
#define UNINITIALIZED_VAR(x) x = x
                                 ^
3 warnings generated.
compiling cont.c
compiling ./enc/ascii.c
compiling ./enc/us_ascii.c
compiling ./enc/unicode.c
compiling ./enc/utf_8.c
compiling newline.c
compiling ./missing/setproctitle.c
compiling dmyext.c
compiling dln.c
compiling encoding.c
compiling dmyversion.c
compiling array.c
linking miniruby
generating encdb.h
rbconfig.rb updated
generating enc.mk
encdb.h unchanged
generating prelude.c
compiling prelude.c
making srcs under enc
make[1]: Nothing to be done for `srcs'.
generating transdb.h
linking static-library libruby.2.0.0-static.a
transdb.h unchanged
verifying static-library libruby.2.0.0-static.a
linking shared-library libruby.2.0.0.dylib
making enc
making trans
compiling ./enc/encdb.c
compiling ./enc/trans/transdb.c
compiling ./enc/trans/big5.c
compiling ./enc/big5.c
compiling ./enc/cp949.c
compiling ./enc/emacs_mule.c
compiling ./enc/euc_jp.c
compiling ./enc/euc_kr.c
compiling ./enc/euc_tw.c
compiling ./enc/gb2312.c
compiling ./enc/gb18030.c
compiling ./enc/gbk.c
compiling ./enc/iso_8859_1.c
compiling ./enc/iso_8859_2.c
compiling ./enc/iso_8859_3.c
compiling ./enc/iso_8859_4.c
compiling ./enc/iso_8859_5.c
compiling ./enc/iso_8859_6.c
compiling ./enc/iso_8859_7.c
compiling ./enc/iso_8859_8.c
compiling ./enc/iso_8859_9.c
compiling ./enc/iso_8859_10.c
compiling ./enc/iso_8859_11.c
compiling ./enc/iso_8859_13.c
compiling ./enc/iso_8859_14.c
compiling ./enc/iso_8859_15.c
compiling ./enc/iso_8859_16.c
compiling ./enc/koi8_r.c
compiling ./enc/koi8_u.c
compiling ./enc/shift_jis.c
compiling ./enc/utf_16be.c
compiling ./enc/utf_16le.c
compiling ./enc/utf_32be.c
compiling ./enc/utf_32le.c
compiling ./enc/windows_31j.c
compiling ./enc/windows_1251.c
linking encoding encdb.bundle
linking encoding big5.bundle
linking encoding cp949.bundle
linking encoding emacs_mule.bundle
linking encoding euc_jp.bundle
linking encoding euc_kr.bundle
linking encoding euc_tw.bundle
linking encoding gb2312.bundle
linking encoding gb18030.bundle
linking encoding gbk.bundle
linking encoding iso_8859_1.bundle
linking encoding iso_8859_2.bundle
linking encoding iso_8859_3.bundle
linking encoding iso_8859_4.bundle
linking encoding iso_8859_5.bundle
linking encoding iso_8859_6.bundle
linking encoding iso_8859_7.bundle
linking encoding iso_8859_8.bundle
linking encoding iso_8859_9.bundle
linking encoding iso_8859_10.bundle
linking encoding iso_8859_11.bundle
linking encoding iso_8859_13.bundle
linking encoding iso_8859_14.bundle
linking encoding iso_8859_15.bundle
linking encoding iso_8859_16.bundle
linking encoding koi8_r.bundle
linking encoding koi8_u.bundle
linking encoding shift_jis.bundle
linking encoding utf_16be.bundle
linking encoding utf_16le.bundle
linking encoding utf_32be.bundle
linking encoding utf_32le.bundle
linking encoding windows_31j.bundle
linking encoding windows_1251.bundle
generating makefile exts.mk
configuring -test-/array/resize
configuring -test-/bug-3571
configuring -test-/bug-3662
configuring -test-/bug-5832
configuring -test-/debug
configuring -test-/exception
configuring -test-/fatal
configuring -test-/funcall
configuring -test-/iter
configuring -test-/load/dot.dot
configuring -test-/marshal/compat
configuring -test-/marshal/usr
configuring -test-/method
configuring -test-/num2int
configuring -test-/old_thread_select
configuring -test-/path_to_class
configuring -test-/printf
configuring -test-/st/numhash
configuring -test-/st/update
configuring -test-/string
configuring -test-/symbol
configuring -test-/typeddata
configuring -test-/wait_for_single_fd
configuring -test-/win32/dln
Failed to configure -test-/win32/dln. It will not be installed.
configuring -test-/win32/fd_setsize
Failed to configure -test-/win32/fd_setsize. It will not be installed.
configuring bigdecimal
configuring continuation
configuring coverage
configuring curses
header: ncurses.h
library: ncurses
compiling ./enc/trans/chinese.c
compiling ./enc/trans/emoji.c
compiling ./enc/trans/emoji_iso2022_kddi.c
compiling ./enc/trans/emoji_sjis_docomo.c
compiling ./enc/trans/emoji_sjis_kddi.c
compiling ./enc/trans/emoji_sjis_softbank.c
compiling ./enc/trans/escape.c
compiling ./enc/trans/gb18030.c
configuring date
configuring dbm
compiling ./enc/trans/gbk.c
header: ndbm.h
library: libc
configuring digest
configuring digest/bubblebabble
configuring digest/md5
configuring digest/rmd160
configuring digest/sha1
configuring digest/sha2
compiling ./enc/trans/iso2022.c
compiling ./enc/trans/japanese.c
compiling ./enc/trans/japanese_euc.c
configuring dl
configuring dl/callback
configuring dl/win32
Failed to configure dl/win32. It will not be installed.
configuring etc
configuring fcntl
configuring fiber
configuring fiddle
compiling ./enc/trans/japanese_sjis.c
configuring fiddle/win32
Failed to configure fiddle/win32. It will not be installed.
configuring gdbm
Failed to configure gdbm. It will not be installed.
configuring io/console
compiling ./enc/trans/korean.c
configuring io/nonblock
configuring io/wait
configuring json
configuring json/generator
configuring json/parser
configuring mathn/complex
configuring mathn/rational
configuring nkf
configuring objspace
configuring openssl
compiling ./enc/trans/single_byte.c
compiling ./enc/trans/utf8_mac.c
compiling ./enc/trans/utf_16_32.c
linking transcoder transdb.bundle
linking transcoder big5.bundle
linking transcoder chinese.bundle
linking transcoder emoji.bundle
linking transcoder emoji_iso2022_kddi.bundle
linking transcoder emoji_sjis_docomo.bundle
linking transcoder emoji_sjis_kddi.bundle
linking transcoder emoji_sjis_softbank.bundle
linking transcoder escape.bundle
linking transcoder gb18030.bundle
linking transcoder gbk.bundle
linking transcoder iso2022.bundle
linking transcoder japanese.bundle
linking transcoder japanese_euc.bundle
linking transcoder japanese_sjis.bundle
linking transcoder korean.bundle
linking transcoder single_byte.bundle
linking transcoder utf8_mac.bundle
linking transcoder utf_16_32.bundle
making encs
configuring pathname
configuring psych
configuring pty
configuring racc/cparse
configuring readline
configuring ripper
configuring sdbm
configuring socket
configuring stringio
configuring strscan
configuring syslog
configuring tk/tkutil
Failed to configure tk/tkutil. It will not be installed.
configuring win32ole
Failed to configure win32ole. It will not be installed.
configuring zlib
compiling bug.c
compiling resize.c
installing default resize libraries
linking shared-object -test-/array/resize.bundle
installing default bug libraries
linking shared-object -test-/bug-3571/bug.bundle
compiling bug.c
compiling bug.c
installing default bug libraries
linking shared-object -test-/bug-3662/bug.bundle
installing default bug libraries
linking shared-object -test-/bug-5832/bug.bundle
compiling init.c
compiling enc_raise.c
compiling inspector.c
compiling ensured.c
compiling init.c
installing default debug libraries
linking shared-object -test-/debug.bundle
compiling rb_fatal.c
installing default exception libraries
linking shared-object -test-/exception.bundle
compiling passing_block.c
installing default rb_fatal libraries
linking shared-object -test-/fatal/rb_fatal.bundle
installing default funcall libraries
compiling break.c
linking shared-object -test-/funcall/funcall.bundle
compiling dot.dot.c
installing default break libraries
linking shared-object -test-/iter/break.bundle
installing default dot.dot libraries
linking shared-object -test-/load/dot.dot/dot.dot.bundle
compiling usrcompat.c
compiling usrmarshal.c
installing default compat libraries
linking shared-object -test-/marshal/compat.bundle
installing default usr libraries
linking shared-object -test-/marshal/usr.bundle
compiling arity.c
compiling num2int.c
compiling init.c
installing default num2int libraries
linking shared-object -test-/num2int/num2int.bundle
installing default method libraries
linking shared-object -test-/method.bundle
compiling old_thread_select.c
compiling path_to_class.c
installing default old_thread_select libraries
linking shared-object -test-/old_thread_select/old_thread_select.bundle
installing default path_to_class libraries
linking shared-object -test-/path_to_class/path_to_class.bundle
compiling printf.c
compiling numhash.c
installing default printf libraries
linking shared-object -test-/printf.bundle
installing default numhash libraries
linking shared-object -test-/st/numhash.bundle
compiling update.c
compiling coderange.c
installing default update libraries
linking shared-object -test-/st/update.bundle
compiling cstr.c
compiling init.c
compiling ellipsize.c
compiling intern.c
compiling enc_associate.c
installing default symbol libraries
linking shared-object -test-/symbol/symbol.bundle
compiling enc_str_buf_cat.c
compiling typeddata.c
compiling init.c
installing default typeddata libraries
linking shared-object -test-/typeddata/typeddata.bundle
compiling wait_for_single_fd.c
compiling modify.c
compiling qsort.c
installing default wait_for_single_fd libraries
linking shared-object -test-/wait_for_single_fd/wait_for_single_fd.bundle
compiling set_len.c
installing default string libraries
make[2]: Nothing to be done for `all'.
linking shared-object -test-/string/string.bundle
make[2]: Nothing to be done for `all'.
compiling bigdecimal.c
compiling continuation.c
installing default continuation libraries
linking shared-object continuation.bundle
compiling coverage.c
installing default coverage libraries
linking shared-object coverage.bundle
compiling curses.c
installing default curses libraries
linking shared-object curses.bundle
compiling date_core.c
linking shared-object bigdecimal.bundle
installing default bigdecimal libraries
compiling dbm.c
installing default dbm libraries
linking shared-object dbm.bundle
compiling digest.c
linking shared-object digest.bundle
installing digest libraries
installing default digest libraries
compiling bubblebabble.c
installing default bubblebabble libraries
linking shared-object digest/bubblebabble.bundle
compiling md5init.c
compiling md5ossl.c
installing default md5 libraries
linking shared-object digest/md5.bundle
compiling rmd160init.c
compiling rmd160.c
installing default rmd160 libraries
linking shared-object digest/rmd160.bundle
compiling sha1init.c
compiling sha1ossl.c
installing default sha1 libraries
linking shared-object digest/sha1.bundle
compiling sha2init.c
compiling sha2ossl.c
linking shared-object digest/sha2.bundle
installing default sha2 libraries
compiling date_parse.c
compiling cfunc.c
compiling date_strftime.c
compiling cptr.c
compiling date_strptime.c
compiling dl.c
compiling handle.c
linking shared-object dl.bundle
installing dl libraries
installing default dl libraries
linking shared-object date_core.bundle
compiling callback.c
installing default date_core libraries
make[2]: Nothing to be done for `all'.
compiling callback-0.c
compiling etc.c
installing default etc libraries
linking shared-object etc.bundle
compiling fcntl.c
installing default fcntl libraries
linking shared-object fcntl.bundle
compiling fiber.c
installing default fiber libraries
linking shared-object fiber.bundle
compiling closure.c
compiling conversions.c
compiling fiddle.c
compiling function.c
compiling handle.c
compiling pointer.c
compiling callback-1.c
linking shared-object fiddle.bundle
installing default fiddle libraries
make[2]: Nothing to be done for `all'.
make[2]: Nothing to be done for `all'.
compiling console.c
linking shared-object io/console.bundle
installing default console libraries
compiling nonblock.c
installing default nonblock libraries
linking shared-object io/nonblock.bundle
compiling wait.c
installing default wait libraries
linking shared-object io/wait.bundle
installing default libraries
compiling callback-2.c
compiling generator.c
installing default generator libraries
linking shared-object json/ext/generator.bundle
compiling parser.c
compiling callback-3.c
installing default parser libraries
linking shared-object json/ext/parser.bundle
compiling complex.c
installing default complex libraries
linking shared-object mathn/complex.bundle
compiling callback-4.c
compiling callback-5.c
compiling callback-6.c
compiling callback-7.c
compiling callback-8.c
installing default callback libraries
compiling rational.c
installing default rational libraries
linking shared-object mathn/rational.bundle
linking shared-object dl/callback.bundle
compiling nkf.c
compiling objspace.c
installing default objspace libraries
linking shared-object objspace.bundle
compiling openssl_missing.c
compiling ossl.c
compiling ossl_asn1.c
compiling ossl_bio.c
compiling ossl_bn.c
compiling ossl_cipher.c
compiling ossl_config.c
compiling ossl_digest.c
linking shared-object nkf.bundle
installing default nkf libraries
compiling pathname.c
compiling ossl_engine.c
compiling ossl_hmac.c
linking shared-object pathname.bundle
installing default pathname libraries
compiling psych.c
compiling ossl_ns_spki.c
compiling psych_emitter.c
compiling psych_parser.c
compiling ossl_ocsp.c
compiling psych_to_ruby.c
compiling psych_yaml_tree.c
compiling ossl_pkcs12.c
linking shared-object psych.bundle
installing default psych libraries
compiling pty.c
compiling ossl_pkcs5.c
linking shared-object pty.bundle
installing default pty libraries
compiling ossl_pkcs7.c
compiling ossl_pkey.c
compiling ossl_pkey_dh.c
compiling cparse.c
compiling ossl_pkey_dsa.c
installing default cparse libraries
linking shared-object racc/cparse.bundle
compiling readline.c
compiling ossl_pkey_ec.c
installing default readline libraries
linking shared-object readline.bundle
compiling ripper.c
compiling ossl_pkey_rsa.c
compiling ossl_rand.c
compiling ossl_ssl.c
compiling ossl_ssl_session.c
compiling ossl_x509.c
compiling ossl_x509attr.c
compiling ossl_x509cert.c
compiling ossl_x509crl.c
compiling ossl_x509ext.c
compiling ossl_x509name.c
compiling ossl_x509req.c
compiling ossl_x509revoked.c
compiling ossl_x509store.c
linking shared-object openssl.bundle
installing default openssl libraries
compiling _sdbm.c
compiling init.c
installing default sdbm libraries
linking shared-object sdbm.bundle
generating constant definitions
generating constant definitions
compiling basicsocket.c
compiling socket.c
compiling ipsocket.c
compiling tcpsocket.c
compiling tcpserver.c
compiling sockssocket.c
compiling udpsocket.c
compiling unixsocket.c
compiling unixserver.c
compiling option.c
compiling ancdata.c
compiling raddrinfo.c
compiling init.c
compiling constants.c
checking ../.././parse.y and ../.././ext/ripper/eventids2.c
linking shared-object ripper.bundle
installing default ripper libraries
installing default socket libraries
compiling stringio.c
installing default stringio libraries
linking shared-object stringio.bundle
compiling strscan.c
linking shared-object socket.bundle
compiling syslog.c
linking shared-object syslog.bundle
installing default syslog libraries
installing default strscan libraries
make[2]: Nothing to be done for `all'.
make[2]: Nothing to be done for `all'.
compiling zlib.c
linking shared-object strscan.bundle
installing default zlib libraries
linking shared-object zlib.bundle
linking shared-library libruby.2.0.0.dylib
linking ruby
